{"sessionId": "4d4d7f", "runId": "run8", "hypothesisId": "B1", "location": "node_adapters.py:197", "message": "bootstrap_xray entered", "data": {"node_id": 1, "has_endpoint": true, "has_ssh_key_path": false, "auto_configure": true}, "timestamp": 1774461550828}
{"sessionId": "4d4d7f", "runId": "run8", "hypothesisId": "B5", "location": "node_adapters.py:236", "message": "fallback to password bootstrap branch", "data": {"node_id": 1, "previous_detail": "missing_ssh_private_key_path", "has_vps_id": true}, "timestamp": 1774461550828}
{"sessionId": "4d4d7f", "runId": "run10", "hypothesisId": "D2", "location": "node_adapters.py:322", "message": "polled service.set_password.state", "data": {"node_id": 1, "state": "in_process"}, "timestamp": 1774461552510}
{"sessionId": "4d4d7f", "runId": "run10", "hypothesisId": "D2", "location": "node_adapters.py:322", "message": "polled service.set_password.state", "data": {"node_id": 1, "state": "in_process"}, "timestamp": 1774461555305}
{"sessionId": "4d4d7f", "runId": "run10", "hypothesisId": "D2", "location": "node_adapters.py:322", "message": "polled service.set_password.state", "data": {"node_id": 1, "state": "in_process"}, "timestamp": 1774461558130}
{"sessionId": "4d4d7f", "runId": "run10", "hypothesisId": "D2", "location": "node_adapters.py:322", "message": "polled service.set_password.state", "data": {"node_id": 1, "state": "in_process"}, "timestamp": 1774461560906}
{"sessionId": "4d4d7f", "runId": "run10", "hypothesisId": "D2", "location": "node_adapters.py:322", "message": "polled service.set_password.state", "data": {"node_id": 1, "state": "success"}, "timestamp": 1774461563815}
{"sessionId": "4d4d7f", "runId": "run10", "hypothesisId": "D1", "location": "node_adapters.py:329", "message": "service.set_password reached success state", "data": {"node_id": 1, "vps_id_present": true}, "timestamp": 1774461563816}
{"sessionId": "4d4d7f", "runId": "run11", "hypothesisId": "E1", "location": "node_adapters.py:437", "message": "starting paramiko password connect", "data": {"node_id": 1, "endpoint": "82.146.49.10", "user": "root"}, "timestamp": 1774461563881}
{"sessionId": "4d4d7f", "runId": "run11", "hypothesisId": "E2", "location": "node_adapters.py:449", "message": "paramiko password connect succeeded", "data": {"node_id": 1}, "timestamp": 1774461564387}
{"sessionId": "4d4d7f", "runId": "run11", "hypothesisId": "E3", "location": "node_adapters.py:460", "message": "remote bootstrap command started", "data": {"node_id": 1}, "timestamp": 1774461564860}
{"sessionId": "4d4d7f", "runId": "run11", "hypothesisId": "E4", "location": "node_adapters.py:470", "message": "remote bootstrap command finished", "data": {"node_id": 1, "returncode": 0, "stderr_prefix": "tput: No value for $TERM and no -T specified\ntput: No value for $TERM and no -T specified\ntput: No value for $TERM and n"}, "timestamp": 1774461571320}
{"sessionId": "4d4d7f", "runId": "run12", "hypothesisId": "F1", "location": "node_adapters.py:303", "message": "bootstrap stdout tail for parsing", "data": {"node_id": 1, "stdout_last_500": "2ubuntu10.8).\nunzip is already the newest version (6.0-28ubuntu4.1).\nopenssl is already the newest version (3.0.13-0ubuntu3.7).\nca-certificates is already the newest version (20240203).\n0 upgraded, 0 newly installed, 0 to remove and 10 not upgraded.\nget release list success\nget release list success\ninfo: No new version. The current version of Xray is v26.2.6.\nXRAY_UUID=76de009e-48f6-460a-8e74-63dfc318d5ff\nXRAY_PUBLIC_KEY=zHxoz0JNgQJ6EA3_B1wnwLbw5ZzeS41CDYAJyM_1QWg\nXRAY_SHORT_ID=78bc0c6224992a95\n", "stdout_len": 834}, "timestamp": 1774461571320}
{"sessionId": "4d4d7f", "runId": "run8", "hypothesisId": "B4", "location": "node_adapters.py:262", "message": "bootstrap generated runtime config payload", "data": {"node_id": 1, "payload_len": 212, "uuid_prefix": "76de009e", "short_id_prefix": "78bc"}, "timestamp": 1774461571320}
{"sessionId": "4d4d7f", "runId": "run8", "hypothesisId": "B1", "location": "node_adapters.py:197", "message": "bootstrap_xray entered", "data": {"node_id": 1, "has_endpoint": true, "has_ssh_key_path": false, "auto_configure": true}, "timestamp": 1774461582756}
{"sessionId": "4d4d7f", "runId": "run8", "hypothesisId": "B5", "location": "node_adapters.py:236", "message": "fallback to password bootstrap branch", "data": {"node_id": 1, "previous_detail": "missing_ssh_private_key_path", "has_vps_id": true}, "timestamp": 1774461582756}
{"sessionId": "4d4d7f", "runId": "run10", "hypothesisId": "D2", "location": "node_adapters.py:322", "message": "polled service.set_password.state", "data": {"node_id": 1, "state": "in_process"}, "timestamp": 1774461584535}
{"sessionId": "4d4d7f", "runId": "run10", "hypothesisId": "D2", "location": "node_adapters.py:322", "message": "polled service.set_password.state", "data": {"node_id": 1, "state": "in_process"}, "timestamp": 1774461587323}
{"sessionId": "4d4d7f", "runId": "run10", "hypothesisId": "D2", "location": "node_adapters.py:322", "message": "polled service.set_password.state", "data": {"node_id": 1, "state": "in_process"}, "timestamp": 1774461590141}
{"sessionId": "4d4d7f", "runId": "run10", "hypothesisId": "D2", "location": "node_adapters.py:322", "message": "polled service.set_password.state", "data": {"node_id": 1, "state": "in_process"}, "timestamp": 1774461593097}
{"sessionId": "4d4d7f", "runId": "run10", "hypothesisId": "D2", "location": "node_adapters.py:322", "message": "polled service.set_password.state", "data": {"node_id": 1, "state": "success"}, "timestamp": 1774461596186}
{"sessionId": "4d4d7f", "runId": "run10", "hypothesisId": "D1", "location": "node_adapters.py:329", "message": "service.set_password reached success state", "data": {"node_id": 1, "vps_id_present": true}, "timestamp": 1774461596187}
{"sessionId": "4d4d7f", "runId": "run11", "hypothesisId": "E1", "location": "node_adapters.py:437", "message": "starting paramiko password connect", "data": {"node_id": 1, "endpoint": "82.146.49.10", "user": "root"}, "timestamp": 1774461596245}
{"sessionId": "4d4d7f", "runId": "run11", "hypothesisId": "E2", "location": "node_adapters.py:449", "message": "paramiko password connect succeeded", "data": {"node_id": 1}, "timestamp": 1774461596747}
{"sessionId": "4d4d7f", "runId": "run11", "hypothesisId": "E3", "location": "node_adapters.py:460", "message": "remote bootstrap command started", "data": {"node_id": 1}, "timestamp": 1774461597147}
{"sessionId": "4d4d7f", "runId": "run11", "hypothesisId": "E4", "location": "node_adapters.py:470", "message": "remote bootstrap command finished", "data": {"node_id": 1, "returncode": 0, "stderr_prefix": "tput: No value for $TERM and no -T specified\ntput: No value for $TERM and no -T specified\ntput: No value for $TERM and n"}, "timestamp": 1774461602997}
{"sessionId": "4d4d7f", "runId": "run12", "hypothesisId": "F1", "location": "node_adapters.py:303", "message": "bootstrap stdout tail for parsing", "data": {"node_id": 1, "stdout_last_500": "2ubuntu10.8).\nunzip is already the newest version (6.0-28ubuntu4.1).\nopenssl is already the newest version (3.0.13-0ubuntu3.7).\nca-certificates is already the newest version (20240203).\n0 upgraded, 0 newly installed, 0 to remove and 10 not upgraded.\nget release list success\nget release list success\ninfo: No new version. The current version of Xray is v26.2.6.\nXRAY_UUID=4559e9ee-bbc3-4343-8a5a-0edda8eb397b\nXRAY_PUBLIC_KEY=iWAHyL8LylJLylB4TaToy9lWM5LIEqGfByRdyq7sCXA\nXRAY_SHORT_ID=1d3bdf2f0bf0973a\n", "stdout_len": 834}, "timestamp": 1774461602998}
{"sessionId": "4d4d7f", "runId": "run8", "hypothesisId": "B4", "location": "node_adapters.py:262", "message": "bootstrap generated runtime config payload", "data": {"node_id": 1, "payload_len": 212, "uuid_prefix": "4559e9ee", "short_id_prefix": "1d3b"}, "timestamp": 1774461602998}
{"sessionId": "4d4d7f", "runId": "run8", "hypothesisId": "B2", "location": "node_adapters.py:252", "message": "using persisted config_payload", "data": {"node_id": 1, "payload_len": 212}, "timestamp": 1774461614085}
{"sessionId": "4d4d7f", "runId": "run7-post", "hypothesisId": "A2", "location": "node_orchestration_service.py:73", "message": "built vpn config bundle (all regions)", "data": {"subscription_id": 1, "candidate_nodes": 1, "links_count": 1, "selected_node_id": 1, "regions": ["moscow"]}, "timestamp": 1774461614085}
{"sessionId": "4d4d7f", "runId": "run1", "hypothesisId": "H2", "location": "rate_limit.py:1", "message": "rate_limit module loaded", "data": {"module_file": "D:\\V2rayNG\\emery vpn orchestrator\\src\\backend\\middleware\\rate_limit.py"}, "timestamp": 1774461783153}
{"sessionId": "4d4d7f", "runId": "run1", "hypothesisId": "H1", "location": "main.py:29", "message": "rate_limit middleware import succeeded", "data": {"module": "src.backend.middleware.rate_limit", "class": "RateLimitMiddleware"}, "timestamp": 1774461783153}
{"sessionId": "4d4d7f", "runId": "post-fix", "hypothesisId": "H3", "location": "rate_limit.py:30", "message": "RateLimitMiddleware initialized", "data": {"limit_per_minute": 60}, "timestamp": 1774461783163}
{"sessionId": "4d4d7f", "runId": "post-fix", "hypothesisId": "H4", "location": "bot/utils/access.py:24", "message": "access module initialized", "data": {"admin_ids_present": true}, "timestamp": 1774461783997}
{"sessionId": "4d4d7f", "runId": "run1", "hypothesisId": "H1", "location": "bot/main.py:31", "message": "admin router import succeeded", "data": {"module": "src.bot.handlers.admin"}, "timestamp": 1774461783997}
{"sessionId": "4d4d7f", "runId": "run1", "hypothesisId": "H2", "location": "rate_limit.py:1", "message": "rate_limit module loaded", "data": {"module_file": "D:\\V2rayNG\\emery vpn orchestrator\\src\\backend\\middleware\\rate_limit.py"}, "timestamp": 1774541069954}
{"sessionId": "4d4d7f", "runId": "run1", "hypothesisId": "H1", "location": "main.py:29", "message": "rate_limit middleware import succeeded", "data": {"module": "src.backend.middleware.rate_limit", "class": "RateLimitMiddleware"}, "timestamp": 1774541069955}
{"sessionId": "4d4d7f", "runId": "post-fix", "hypothesisId": "H3", "location": "rate_limit.py:30", "message": "RateLimitMiddleware initialized", "data": {"limit_per_minute": 60}, "timestamp": 1774541069965}
{"sessionId": "4d4d7f", "runId": "post-fix", "hypothesisId": "H4", "location": "bot/utils/access.py:24", "message": "access module initialized", "data": {"admin_ids_present": true}, "timestamp": 1774541070454}
{"sessionId": "4d4d7f", "runId": "run1", "hypothesisId": "H1", "location": "bot/main.py:31", "message": "admin router import succeeded", "data": {"module": "src.bot.handlers.admin"}, "timestamp": 1774541070455}
